<?xml version="1.0" encoding="UTF-8"?>
<!-- Generated by org.testng.reporters.JUnitXMLReporter -->
<testsuite ignored="0" hostname="INBENGRGOWDA1" failures="1" tests="2" name="Error Validations" time="208.773" errors="0" timestamp="2025-09-25T11:12:38 IST">
  <testcase classname="rahulshettyacademy.tests.ErrorValidations" name="loginErrorValidations" time="0.568"/>
  <testcase classname="rahulshettyacademy.tests.ErrorValidations" name="productErrorValidations" time="0.727">
    <failure type="java.lang.NullPointerException" message="Cannot invoke &amp;quot;org.openqa.selenium.WebElement.findElement(org.openqa.selenium.By)&amp;quot; because &amp;quot;prod&amp;quot; is null">
      <![CDATA[java.lang.NullPointerException: Cannot invoke "org.openqa.selenium.WebElement.findElement(org.openqa.selenium.By)" because "prod" is null
at rahulshettyacademy.tests.ProductCatalog.addProductToCart(ProductCatalog.java:53)
at rahulshettyacademy.tests.ErrorValidations.productErrorValidations(ErrorValidations.java:27)
at java.base/java.util.ArrayList.forEach(ArrayList.java:1596)
... Removed 25 stack frames]]>
    </failure>
  </testcase> <!-- productErrorValidations -->
</testsuite> <!-- Error Validations -->
